<?xml version="1.0" encoding="UTF-8"?>
<testsuite xmlns:xsi="http://www.w3.org/2001/XMLSchema-instance" xsi:noNamespaceSchemaLocation="https://maven.apache.org/surefire/maven-surefire-plugin/xsd/surefire-test-report.xsd" version="3.0.2" name="com.example.backendresellkh.BackendResellKhApplicationTests" time="7.264" tests="1" errors="0" skipped="0" failures="0">
  <properties>
[...]
</properties>
  <testcase name="contextLoads" classname="com.example.backendresellkh.BackendResellKhApplicationTests" time="1.466">
    <system-out><![CDATA[21:58:15.058 [main] INFO org.springframework.test.context.support.AnnotationConfigContextLoaderUtils -- Could not detect default configuration classes for test class [com.example.backendresellkh.BackendResellKhApplicationTests]: BackendResellKhApplicationTests does not declare any static, non-private, non-final, nested classes annotated with @Configuration.
21:58:15.235 [main] INFO org.springframework.boot.test.context.SpringBootTestContextBootstrapper -- Found @SpringBootConfiguration com.example.backendresellkh.BackendResellKhApplication for test class com.example.backendresellkh.BackendResellKhApplicationTests

  .   ____          _            __ _ _
 /\\ / ___'_ __ _ _(_)_ __  __ _ \ \ \ \
( ( )\___ | '_ | '_| | '_ \/ _` | \ \ \ \
 \\/  ___)| |_)| | | | | || (_| |  ) ) ) )
  '  |____| .__|_| |_|_| |_\__, | / / / /
 =========|_|==============|___/=/_/_/_/

 :: Spring Boot ::       (v3.4.7-SNAPSHOT)

2025-06-14T21:58:15.844+07:00  INFO 1456 --- [Backend-ResellKh] [           main] c.e.b.BackendResellKhApplicationTests    : Starting BackendResellKhApplicationTests using Java 23.0.1 with PID 1456 (started by USER in C:\Users\USER\Desktop\IntelliJ\Backend-ResellKh)
2025-06-14T21:58:15.847+07:00  INFO 1456 --- [Backend-ResellKh] [           main] c.e.b.BackendResellKhApplicationTests    : No active profile set, falling back to 1 default profile: "default"
2025-06-14T21:58:18.169+07:00  INFO 1456 --- [Backend-ResellKh] [           main] eAuthenticationProviderManagerConfigurer : Global AuthenticationManager configured with AuthenticationProvider bean with name authenticationProvider
2025-06-14T21:58:18.169+07:00  WARN 1456 --- [Backend-ResellKh] [           main] r$InitializeUserDetailsManagerConfigurer : Global AuthenticationManager configured with an AuthenticationProvider bean. UserDetailsService beans will not be used by Spring Security for automatically configuring username/password login. Consider removing the AuthenticationProvider bean. Alternatively, consider using the UserDetailsService in a manually instantiated DaoAuthenticationProvider. If the current configuration is intentional, to turn off this warning, increase the logging level of 'org.springframework.security.config.annotation.authentication.configuration.InitializeUserDetailsBeanManagerConfigurer' to ERROR
2025-06-14T21:58:20.062+07:00  INFO 1456 --- [Backend-ResellKh] [           main] o.s.v.b.OptionalValidatorFactoryBean     : Failed to set up a Bean Validation provider: jakarta.validation.NoProviderFoundException: Unable to create a Configuration, because no Jakarta Bean Validation provider could be found. Add a provider like Hibernate Validator (RI) to your classpath.
2025-06-14T21:58:20.604+07:00  INFO 1456 --- [Backend-ResellKh] [           main] c.e.b.BackendResellKhApplicationTests    : Started BackendResellKhApplicationTests in 5.119 seconds (process running for 6.404)
]]></system-out>
    <system-err><![CDATA[Mockito is currently self-attaching to enable the inline-mock-maker. This will no longer work in future releases of the JDK. Please add Mockito as an agent to your build what is described in Mockito's documentation: https://javadoc.io/doc/org.mockito/mockito-core/latest/org/mockito/Mockito.html#0.3
WARNING: A Java agent has been loaded dynamically (C:\Users\USER\.m2\repository\net\bytebuddy\byte-buddy-agent\1.15.11\byte-buddy-agent-1.15.11.jar)
WARNING: If a serviceability tool is in use, please run with -XX:+EnableDynamicAgentLoading to hide this warning
WARNING: If a serviceability tool is not in use, please run with -Djdk.instrument.traceUsage for more information
WARNING: Dynamic loading of agents will be disallowed by default in a future release
]]></system-err>
  </testcase>
</testsuite>